<?xml version="1.0" encoding="UTF-8"?>
<testsuites>
  <testsuite name="" tests="25" assertions="43" errors="0" warnings="0" failures="0" skipped="0" time="0.016498">
    <testsuite name="Unit" tests="25" assertions="43" errors="0" warnings="0" failures="0" skipped="0" time="0.016498">
      <testsuite name="Unit\Domain\Entity\CategoryUnitTest" file="tests/Unit/Domain/Entity/CategoryUnitTest.php" tests="6" assertions="15" errors="0" warnings="0" failures="0" skipped="0" time="0.009120">
        <testcase name="testAttributes" class="Unit\Domain\Entity\CategoryUnitTest" classname="Unit.Domain.Entity.CategoryUnitTest" file="tests/Unit/Domain/Entity/CategoryUnitTest.php" line="14" assertions="5" time="0.006666"/>
        <testcase name="testActivated" class="Unit\Domain\Entity\CategoryUnitTest" classname="Unit.Domain.Entity.CategoryUnitTest" file="tests/Unit/Domain/Entity/CategoryUnitTest.php" line="29" assertions="2" time="0.000495"/>
        <testcase name="testDisabled" class="Unit\Domain\Entity\CategoryUnitTest" classname="Unit.Domain.Entity.CategoryUnitTest" file="tests/Unit/Domain/Entity/CategoryUnitTest.php" line="41" assertions="2" time="0.000396"/>
        <testcase name="testUpdate" class="Unit\Domain\Entity\CategoryUnitTest" classname="Unit.Domain.Entity.CategoryUnitTest" file="tests/Unit/Domain/Entity/CategoryUnitTest.php" line="53" assertions="4" time="0.000466"/>
        <testcase name="testExceptionNameNotValid" class="Unit\Domain\Entity\CategoryUnitTest" classname="Unit.Domain.Entity.CategoryUnitTest" file="tests/Unit/Domain/Entity/CategoryUnitTest.php" line="76" assertions="1" time="0.000667"/>
        <testcase name="testExceptionDescriptionNotValid" class="Unit\Domain\Entity\CategoryUnitTest" classname="Unit.Domain.Entity.CategoryUnitTest" file="tests/Unit/Domain/Entity/CategoryUnitTest.php" line="85" assertions="1" time="0.000430"/>
      </testsuite>
      <testsuite name="Unit\Domain\Validation\DomainValidationTest" file="tests/Unit/Domain/Validation/DomainValidationTest.php" tests="19" assertions="28" errors="0" warnings="0" failures="0" skipped="0" time="0.007378">
        <testcase name="testNotNullWhenValueIsEmptyDefaultMessage" class="Unit\Domain\Validation\DomainValidationTest" classname="Unit.Domain.Validation.DomainValidationTest" file="tests/Unit/Domain/Validation/DomainValidationTest.php" line="12" assertions="2" time="0.000572"/>
        <testcase name="testNotNullWhenValueIsNullDefaultMessage" class="Unit\Domain\Validation\DomainValidationTest" classname="Unit.Domain.Validation.DomainValidationTest" file="tests/Unit/Domain/Validation/DomainValidationTest.php" line="19" assertions="2" time="0.000411"/>
        <testcase name="testNotNullWhenValueIsEmptyCustomMessage" class="Unit\Domain\Validation\DomainValidationTest" classname="Unit.Domain.Validation.DomainValidationTest" file="tests/Unit/Domain/Validation/DomainValidationTest.php" line="26" assertions="2" time="0.000394"/>
        <testcase name="testNotNullWhenValueIsNotEmpty" class="Unit\Domain\Validation\DomainValidationTest" classname="Unit.Domain.Validation.DomainValidationTest" file="tests/Unit/Domain/Validation/DomainValidationTest.php" line="34" assertions="1" time="0.000363"/>
        <testcase name="testStrMaxLengthWhenValueIsLongerThanMaxValueDefaultMessage" class="Unit\Domain\Validation\DomainValidationTest" classname="Unit.Domain.Validation.DomainValidationTest" file="tests/Unit/Domain/Validation/DomainValidationTest.php" line="40" assertions="2" time="0.000386"/>
        <testcase name="testStrMaxLengthWhenValueIsLongerThanMaxValueCustomMessage" class="Unit\Domain\Validation\DomainValidationTest" classname="Unit.Domain.Validation.DomainValidationTest" file="tests/Unit/Domain/Validation/DomainValidationTest.php" line="47" assertions="2" time="0.000396"/>
        <testcase name="testStrMaxLengthWhenValueIsLessThanMaxValue" class="Unit\Domain\Validation\DomainValidationTest" classname="Unit.Domain.Validation.DomainValidationTest" file="tests/Unit/Domain/Validation/DomainValidationTest.php" line="54" assertions="1" time="0.000350"/>
        <testcase name="testStrMaxLengthWhenValueIsEmpty" class="Unit\Domain\Validation\DomainValidationTest" classname="Unit.Domain.Validation.DomainValidationTest" file="tests/Unit/Domain/Validation/DomainValidationTest.php" line="60" assertions="1" time="0.000347"/>
        <testcase name="testStrMaxLengthWhenValueIsNull" class="Unit\Domain\Validation\DomainValidationTest" classname="Unit.Domain.Validation.DomainValidationTest" file="tests/Unit/Domain/Validation/DomainValidationTest.php" line="66" assertions="1" time="0.000346"/>
        <testcase name="testStrMinLengthWhenValueIsLessThanMinValueDefaultMessage" class="Unit\Domain\Validation\DomainValidationTest" classname="Unit.Domain.Validation.DomainValidationTest" file="tests/Unit/Domain/Validation/DomainValidationTest.php" line="72" assertions="2" time="0.000385"/>
        <testcase name="testStrMinLengthWhenValueIsLessThanMinValueCustomMessage" class="Unit\Domain\Validation\DomainValidationTest" classname="Unit.Domain.Validation.DomainValidationTest" file="tests/Unit/Domain/Validation/DomainValidationTest.php" line="79" assertions="2" time="0.000385"/>
        <testcase name="testStrMinLengthWhenValueIsLongerThanMinValue" class="Unit\Domain\Validation\DomainValidationTest" classname="Unit.Domain.Validation.DomainValidationTest" file="tests/Unit/Domain/Validation/DomainValidationTest.php" line="86" assertions="1" time="0.000391"/>
        <testcase name="testStrMinLengthWhenValueIsEmpty" class="Unit\Domain\Validation\DomainValidationTest" classname="Unit.Domain.Validation.DomainValidationTest" file="tests/Unit/Domain/Validation/DomainValidationTest.php" line="92" assertions="1" time="0.000403"/>
        <testcase name="testStrMinLengthWhenValueNull" class="Unit\Domain\Validation\DomainValidationTest" classname="Unit.Domain.Validation.DomainValidationTest" file="tests/Unit/Domain/Validation/DomainValidationTest.php" line="98" assertions="1" time="0.000404"/>
        <testcase name="testStrCanNullAndMaxLenthWhenValueIsNull" class="Unit\Domain\Validation\DomainValidationTest" classname="Unit.Domain.Validation.DomainValidationTest" file="tests/Unit/Domain/Validation/DomainValidationTest.php" line="104" assertions="1" time="0.000357"/>
        <testcase name="testStrCanNullAndMaxLenthWhenValueIsEmpty" class="Unit\Domain\Validation\DomainValidationTest" classname="Unit.Domain.Validation.DomainValidationTest" file="tests/Unit/Domain/Validation/DomainValidationTest.php" line="110" assertions="1" time="0.000353"/>
        <testcase name="testStrCanNullAndMaxLenthWhenValueNotNullAndLongerTheMaxLengthDefaultMessage" class="Unit\Domain\Validation\DomainValidationTest" classname="Unit.Domain.Validation.DomainValidationTest" file="tests/Unit/Domain/Validation/DomainValidationTest.php" line="116" assertions="2" time="0.000388"/>
        <testcase name="testStrCanNullAndMaxLenthWhenValueNotNullAndLongerTheMaxLengthCustomMessage" class="Unit\Domain\Validation\DomainValidationTest" classname="Unit.Domain.Validation.DomainValidationTest" file="tests/Unit/Domain/Validation/DomainValidationTest.php" line="123" assertions="2" time="0.000388"/>
        <testcase name="testStrCanNullAndMaxLenthWhenValueNotNullAndLessTheMaxLength" class="Unit\Domain\Validation\DomainValidationTest" classname="Unit.Domain.Validation.DomainValidationTest" file="tests/Unit/Domain/Validation/DomainValidationTest.php" line="130" assertions="1" time="0.000361"/>
      </testsuite>
    </testsuite>
  </testsuite>
</testsuites>
